<?xml version="1.0" encoding="UTF-8"?>
<testsuite xmlns:xsi="http://www.w3.org/2001/XMLSchema-instance" xsi:noNamespaceSchemaLocation="https://maven.apache.org/surefire/maven-surefire-plugin/xsd/surefire-test-report.xsd" version="3.0.2" name="com.example.springhelloworld.SpringHelloworldApplicationTests" time="1.183" tests="1" errors="0" skipped="0" failures="0">
  <properties>
[...]
</properties>
  <testcase name="contextLoads" classname="com.example.springhelloworld.SpringHelloworldApplicationTests" time="0.389">
    <system-out><![CDATA[04:52:57.574 [main] INFO org.springframework.test.context.support.AnnotationConfigContextLoaderUtils -- Could not detect default configuration classes for test class [com.example.springhelloworld.SpringHelloworldApplicationTests]: SpringHelloworldApplicationTests does not declare any static, non-private, non-final, nested classes annotated with @Configuration.
04:52:57.615 [main] INFO org.springframework.boot.test.context.SpringBootTestContextBootstrapper -- Found @SpringBootConfiguration com.example.springhelloworld.SpringHelloworldApplication for test class com.example.springhelloworld.SpringHelloworldApplicationTests

  .   ____          _            __ _ _
 /\\ / ___'_ __ _ _(_)_ __  __ _ \ \ \ \
( ( )\___ | '_ | '_| | '_ \/ _` | \ \ \ \
 \\/  ___)| |_)| | | | | || (_| |  ) ) ) )
  '  |____| .__|_| |_|_| |_\__, | / / / /
 =========|_|==============|___/=/_/_/_/

 :: Spring Boot ::       (v3.4.0-SNAPSHOT)

2024-08-26T04:52:57.800+08:00  INFO 62340 --- [spring-helloworld] [           main] c.e.s.SpringHelloworldApplicationTests   : Starting SpringHelloworldApplicationTests using Java 22.0.2 with PID 62340 (started by mxzhangxuejian in /Users/mxzhangxuejian/code/personal/spring-helloworld)
2024-08-26T04:52:57.800+08:00  INFO 62340 --- [spring-helloworld] [           main] c.e.s.SpringHelloworldApplicationTests   : No active profile set, falling back to 1 default profile: "default"
2024-08-26T04:52:58.291+08:00  INFO 62340 --- [spring-helloworld] [           main] c.e.s.SpringHelloworldApplicationTests   : Started SpringHelloworldApplicationTests in 0.621 seconds (process running for 0.987)
]]></system-out>
    <system-err><![CDATA[WARNING: A Java agent has been loaded dynamically (/Users/mxzhangxuejian/.m2/repository/net/bytebuddy/byte-buddy-agent/1.14.19/byte-buddy-agent-1.14.19.jar)
WARNING: If a serviceability tool is in use, please run with -XX:+EnableDynamicAgentLoading to hide this warning
WARNING: If a serviceability tool is not in use, please run with -Djdk.instrument.traceUsage for more information
WARNING: Dynamic loading of agents will be disallowed by default in a future release
]]></system-err>
  </testcase>
</testsuite>